<?xml version="1.0" encoding="UTF-8"?>
<!-- Generated by org.testng.reporters.JUnitXMLReporter -->
<testsuite ignored="0" hostname="DESKTOP-0LAT1G8" failures="0" tests="5" name="Default test" time="34.281" errors="0" timestamp="2023-07-15T17:04:31 IST">
  <testcase classname="com.test.GoogleTranslateTest" name="testTranslation" time="5.71"/>
  <testcase classname="com.test.GoogleTranslateTest" name="testTranslation" time="5.484"/>
  <testcase classname="com.test.GoogleTranslateTest" name="testTranslation" time="5.46"/>
  <testcase classname="com.test.GoogleTranslateTest" name="testTranslation" time="5.457"/>
  <testcase classname="com.test.GoogleTranslateTest" name="testTranslation" time="5.444"/>
</testsuite> <!-- Default test -->
